<?xml version="1.0"?>
<!DOCTYPE coverage SYSTEM "http://cobertura.sourceforge.net/xml/coverage-04.dtd">

<coverage line-rate="0.5" branch-rate="0.15217391304347827" lines-covered="68" lines-valid="136" branches-covered="7" branches-valid="46" complexity="2.026315789473684" version="2.0.3" timestamp="1426832543932">
	<sources>
		<source>--source</source>
		<source>/home/eduardo/git/redis-cache/target/generated-sources/annotations</source>
		<source>/home/eduardo/git/redis-cache/src/main/java</source>
	</sources>
	<packages>
		<package name="org.mybatis.caches.redis" line-rate="0.5" branch-rate="0.15217391304347827" complexity="2.026315789473684">
			<classes>
				<class name="org.mybatis.caches.redis.ConfigWithHost" filename="org/mybatis/caches/redis/ConfigWithHost.java" line-rate="1.0" branch-rate="1.0" complexity="1.0">
					<methods>
						<method name="&lt;init&gt;" signature="()V" line-rate="1.0" branch-rate="1.0">
							<lines>
								<line number="20" hits="4" branch="false"/>
							</lines>
						</method>
						<method name="getHost" signature="()Ljava/lang/String;" line-rate="1.0" branch-rate="1.0">
							<lines>
								<line number="25" hits="4" branch="false"/>
							</lines>
						</method>
						<method name="setHost" signature="(Ljava/lang/String;)V" line-rate="1.0" branch-rate="1.0">
							<lines>
								<line number="29" hits="4" branch="false"/>
								<line number="30" hits="4" branch="false"/>
							</lines>
						</method>
					</methods>
					<lines>
						<line number="20" hits="4" branch="false"/>
						<line number="25" hits="4" branch="false"/>
						<line number="29" hits="4" branch="false"/>
						<line number="30" hits="4" branch="false"/>
					</lines>
				</class>
				<class name="org.mybatis.caches.redis.DummyReadWriteLock" filename="org/mybatis/caches/redis/DummyReadWriteLock.java" line-rate="0.6" branch-rate="1.0" complexity="1.0">
					<methods>
						<method name="&lt;init&gt;" signature="()V" line-rate="1.0" branch-rate="1.0">
							<lines>
								<line number="26" hits="8" branch="false"/>
								<line number="28" hits="8" branch="false"/>
								<line number="38" hits="8" branch="false"/>
							</lines>
						</method>
						<method name="readLock" signature="()Ljava/util/concurrent/locks/Lock;" line-rate="0.0" branch-rate="1.0">
							<lines>
								<line number="31" hits="0" branch="false"/>
							</lines>
						</method>
						<method name="writeLock" signature="()Ljava/util/concurrent/locks/Lock;" line-rate="0.0" branch-rate="1.0">
							<lines>
								<line number="35" hits="0" branch="false"/>
							</lines>
						</method>
					</methods>
					<lines>
						<line number="26" hits="8" branch="false"/>
						<line number="28" hits="8" branch="false"/>
						<line number="31" hits="0" branch="false"/>
						<line number="35" hits="0" branch="false"/>
						<line number="38" hits="8" branch="false"/>
					</lines>
				</class>
				<class name="org.mybatis.caches.redis.DummyReadWriteLock$DummyLock" filename="org/mybatis/caches/redis/DummyReadWriteLock.java" line-rate="0.14285714285714285" branch-rate="1.0" complexity="1.0">
					<methods>
						<method name="&lt;init&gt;" signature="()V" line-rate="1.0" branch-rate="1.0">
							<lines>
								<line number="38" hits="8" branch="false"/>
							</lines>
						</method>
						<method name="lock" signature="()V" line-rate="0.0" branch-rate="1.0">
							<lines>
								<line number="42" hits="0" branch="false"/>
							</lines>
						</method>
						<method name="lockInterruptibly" signature="()V" line-rate="0.0" branch-rate="1.0">
							<lines>
								<line number="46" hits="0" branch="false"/>
							</lines>
						</method>
						<method name="newCondition" signature="()Ljava/util/concurrent/locks/Condition;" line-rate="0.0" branch-rate="1.0">
							<lines>
								<line number="61" hits="0" branch="false"/>
							</lines>
						</method>
						<method name="tryLock" signature="()Z" line-rate="0.0" branch-rate="1.0">
							<lines>
								<line number="49" hits="0" branch="false"/>
							</lines>
						</method>
						<method name="tryLock" signature="(JLjava/util/concurrent/TimeUnit;)Z" line-rate="0.0" branch-rate="1.0">
							<lines>
								<line number="53" hits="0" branch="false"/>
							</lines>
						</method>
						<method name="unlock" signature="()V" line-rate="0.0" branch-rate="1.0">
							<lines>
								<line number="58" hits="0" branch="false"/>
							</lines>
						</method>
					</methods>
					<lines>
						<line number="38" hits="8" branch="false"/>
						<line number="42" hits="0" branch="false"/>
						<line number="46" hits="0" branch="false"/>
						<line number="49" hits="0" branch="false"/>
						<line number="53" hits="0" branch="false"/>
						<line number="58" hits="0" branch="false"/>
						<line number="61" hits="0" branch="false"/>
					</lines>
				</class>
				<class name="org.mybatis.caches.redis.LoggingRedisCache" filename="org/mybatis/caches/redis/LoggingRedisCache.java" line-rate="0.0" branch-rate="1.0" complexity="1.0">
					<methods>
						<method name="&lt;init&gt;" signature="(Ljava/lang/String;)V" line-rate="0.0" branch-rate="1.0">
							<lines>
								<line number="28" hits="0" branch="false"/>
								<line number="29" hits="0" branch="false"/>
							</lines>
						</method>
					</methods>
					<lines>
						<line number="28" hits="0" branch="false"/>
						<line number="29" hits="0" branch="false"/>
					</lines>
				</class>
				<class name="org.mybatis.caches.redis.RedisCache" filename="org/mybatis/caches/redis/RedisCache.java" line-rate="0.9090909090909091" branch-rate="1.0" complexity="1.2">
					<methods>
						<method name="&lt;init&gt;" signature="(Ljava/lang/String;)V" line-rate="1.0" branch-rate="1.0">
							<lines>
								<line number="33" hits="8" branch="false"/>
								<line number="39" hits="8" branch="false"/>
								<line number="40" hits="8" branch="true" condition-coverage="100% (2/2)">
									<conditions>
										<condition number="0" type="jump" coverage="100%"/>
									</conditions>
								</line>
								<line number="41" hits="4" branch="false"/>
								<line number="43" hits="4" branch="false"/>
								<line number="44" hits="4" branch="false"/>
								<line number="45" hits="4" branch="false"/>
								<line number="46" hits="4" branch="false"/>
							</lines>
						</method>
						<method name="access$000" signature="(Lorg/mybatis/caches/redis/RedisCache;)Ljava/lang/String;" line-rate="1.0" branch-rate="1.0">
							<lines>
								<line number="31" hits="8056" branch="false"/>
							</lines>
						</method>
						<method name="clear" signature="()V" line-rate="1.0" branch-rate="1.0">
							<lines>
								<line number="96" hits="4" branch="false"/>
								<line number="103" hits="4" branch="false"/>
							</lines>
						</method>
						<method name="execute" signature="(Lorg/mybatis/caches/redis/RedisCallback;)Ljava/lang/Object;" line-rate="1.0" branch-rate="1.0">
							<lines>
								<line number="49" hits="8056" branch="false"/>
								<line number="51" hits="8056" branch="false"/>
								<line number="53" hits="8056" branch="false"/>
							</lines>
						</method>
						<method name="getId" signature="()Ljava/lang/String;" line-rate="1.0" branch-rate="1.0">
							<lines>
								<line number="58" hits="4" branch="false"/>
							</lines>
						</method>
						<method name="getObject" signature="(Ljava/lang/Object;)Ljava/lang/Object;" line-rate="1.0" branch-rate="1.0">
							<lines>
								<line number="80" hits="4024" branch="false"/>
							</lines>
						</method>
						<method name="getReadWriteLock" signature="()Ljava/util/concurrent/locks/ReadWriteLock;" line-rate="0.0" branch-rate="1.0">
							<lines>
								<line number="106" hits="0" branch="false"/>
							</lines>
						</method>
						<method name="getSize" signature="()I" line-rate="0.0" branch-rate="1.0">
							<lines>
								<line number="62" hits="0" branch="false"/>
							</lines>
						</method>
						<method name="putObject" signature="(Ljava/lang/Object;Ljava/lang/Object;)V" line-rate="1.0" branch-rate="1.0">
							<lines>
								<line number="71" hits="4024" branch="false"/>
								<line number="77" hits="4024" branch="false"/>
							</lines>
						</method>
						<method name="removeObject" signature="(Ljava/lang/Object;)Ljava/lang/Object;" line-rate="1.0" branch-rate="1.0">
							<lines>
								<line number="88" hits="4" branch="false"/>
							</lines>
						</method>
						<method name="toString" signature="()Ljava/lang/String;" line-rate="1.0" branch-rate="1.0">
							<lines>
								<line number="111" hits="4" branch="false"/>
							</lines>
						</method>
					</methods>
					<lines>
						<line number="31" hits="8056" branch="false"/>
						<line number="33" hits="8" branch="false"/>
						<line number="39" hits="8" branch="false"/>
						<line number="40" hits="8" branch="true" condition-coverage="100% (2/2)">
							<conditions>
								<condition number="0" type="jump" coverage="100%"/>
							</conditions>
						</line>
						<line number="41" hits="4" branch="false"/>
						<line number="43" hits="4" branch="false"/>
						<line number="44" hits="4" branch="false"/>
						<line number="45" hits="4" branch="false"/>
						<line number="46" hits="4" branch="false"/>
						<line number="49" hits="8056" branch="false"/>
						<line number="51" hits="8056" branch="false"/>
						<line number="53" hits="8056" branch="false"/>
						<line number="58" hits="4" branch="false"/>
						<line number="62" hits="0" branch="false"/>
						<line number="71" hits="4024" branch="false"/>
						<line number="77" hits="4024" branch="false"/>
						<line number="80" hits="4024" branch="false"/>
						<line number="88" hits="4" branch="false"/>
						<line number="96" hits="4" branch="false"/>
						<line number="103" hits="4" branch="false"/>
						<line number="106" hits="0" branch="false"/>
						<line number="111" hits="4" branch="false"/>
					</lines>
				</class>
				<class name="org.mybatis.caches.redis.RedisCache$1" filename="org/mybatis/caches/redis/RedisCache.java" line-rate="0.0" branch-rate="1.0" complexity="1.2">
					<methods>
						<method name="&lt;init&gt;" signature="(Lorg/mybatis/caches/redis/RedisCache;)V" line-rate="0.0" branch-rate="1.0">
							<lines>
								<line number="62" hits="0" branch="false"/>
							</lines>
						</method>
						<method name="doWithRedis" signature="(Lredis/clients/jedis/Jedis;)Ljava/lang/Object;" line-rate="0.0" branch-rate="1.0">
							<lines>
								<line number="64" hits="0" branch="false"/>
								<line number="65" hits="0" branch="false"/>
							</lines>
						</method>
					</methods>
					<lines>
						<line number="62" hits="0" branch="false"/>
						<line number="64" hits="0" branch="false"/>
						<line number="65" hits="0" branch="false"/>
					</lines>
				</class>
				<class name="org.mybatis.caches.redis.RedisCache$2" filename="org/mybatis/caches/redis/RedisCache.java" line-rate="1.0" branch-rate="1.0" complexity="1.2">
					<methods>
						<method name="&lt;init&gt;" signature="(Lorg/mybatis/caches/redis/RedisCache;Ljava/lang/Object;Ljava/lang/Object;)V" line-rate="1.0" branch-rate="1.0">
							<lines>
								<line number="71" hits="4024" branch="false"/>
							</lines>
						</method>
						<method name="doWithRedis" signature="(Lredis/clients/jedis/Jedis;)Ljava/lang/Object;" line-rate="1.0" branch-rate="1.0">
							<lines>
								<line number="73" hits="4024" branch="false"/>
								<line number="74" hits="4024" branch="false"/>
							</lines>
						</method>
					</methods>
					<lines>
						<line number="71" hits="4024" branch="false"/>
						<line number="73" hits="4024" branch="false"/>
						<line number="74" hits="4024" branch="false"/>
					</lines>
				</class>
				<class name="org.mybatis.caches.redis.RedisCache$3" filename="org/mybatis/caches/redis/RedisCache.java" line-rate="1.0" branch-rate="1.0" complexity="1.2">
					<methods>
						<method name="&lt;init&gt;" signature="(Lorg/mybatis/caches/redis/RedisCache;Ljava/lang/Object;)V" line-rate="1.0" branch-rate="1.0">
							<lines>
								<line number="80" hits="4024" branch="false"/>
							</lines>
						</method>
						<method name="doWithRedis" signature="(Lredis/clients/jedis/Jedis;)Ljava/lang/Object;" line-rate="1.0" branch-rate="1.0">
							<lines>
								<line number="82" hits="4024" branch="false"/>
							</lines>
						</method>
					</methods>
					<lines>
						<line number="80" hits="4024" branch="false"/>
						<line number="82" hits="4024" branch="false"/>
					</lines>
				</class>
				<class name="org.mybatis.caches.redis.RedisCache$4" filename="org/mybatis/caches/redis/RedisCache.java" line-rate="1.0" branch-rate="1.0" complexity="1.2">
					<methods>
						<method name="&lt;init&gt;" signature="(Lorg/mybatis/caches/redis/RedisCache;Ljava/lang/Object;)V" line-rate="1.0" branch-rate="1.0">
							<lines>
								<line number="88" hits="4" branch="false"/>
							</lines>
						</method>
						<method name="doWithRedis" signature="(Lredis/clients/jedis/Jedis;)Ljava/lang/Object;" line-rate="1.0" branch-rate="1.0">
							<lines>
								<line number="90" hits="4" branch="false"/>
							</lines>
						</method>
					</methods>
					<lines>
						<line number="88" hits="4" branch="false"/>
						<line number="90" hits="4" branch="false"/>
					</lines>
				</class>
				<class name="org.mybatis.caches.redis.RedisCache$5" filename="org/mybatis/caches/redis/RedisCache.java" line-rate="1.0" branch-rate="1.0" complexity="1.2">
					<methods>
						<method name="&lt;init&gt;" signature="(Lorg/mybatis/caches/redis/RedisCache;)V" line-rate="1.0" branch-rate="1.0">
							<lines>
								<line number="96" hits="4" branch="false"/>
							</lines>
						</method>
						<method name="doWithRedis" signature="(Lredis/clients/jedis/Jedis;)Ljava/lang/Object;" line-rate="1.0" branch-rate="1.0">
							<lines>
								<line number="98" hits="4" branch="false"/>
								<line number="99" hits="4" branch="false"/>
							</lines>
						</method>
					</methods>
					<lines>
						<line number="96" hits="4" branch="false"/>
						<line number="98" hits="4" branch="false"/>
						<line number="99" hits="4" branch="false"/>
					</lines>
				</class>
				<class name="org.mybatis.caches.redis.RedisCallback" filename="org/mybatis/caches/redis/RedisCallback.java" line-rate="1.0" branch-rate="1.0" complexity="1.0">
					<methods>
					</methods>
					<lines>
					</lines>
				</class>
				<class name="org.mybatis.caches.redis.RedisConfigurationBuilder" filename="org/mybatis/caches/redis/RedisConfigurationBuilder.java" line-rate="0.3617021276595745" branch-rate="0.07894736842105263" complexity="5.6">
					<methods>
						<method name="&lt;clinit&gt;" signature="()V" line-rate="1.0" branch-rate="1.0">
							<lines>
								<line number="37" hits="4" branch="false"/>
							</lines>
						</method>
						<method name="&lt;init&gt;" signature="()V" line-rate="1.0" branch-rate="1.0">
							<lines>
								<line number="48" hits="4" branch="false"/>
								<line number="49" hits="4" branch="false"/>
								<line number="50" hits="4" branch="false"/>
							</lines>
						</method>
						<method name="getInstance" signature="()Lorg/mybatis/caches/redis/RedisConfigurationBuilder;" line-rate="1.0" branch-rate="1.0">
							<lines>
								<line number="58" hits="4" branch="false"/>
							</lines>
						</method>
						<method name="parseConfiguration" signature="()Lorg/mybatis/caches/redis/ConfigWithHost;" line-rate="1.0" branch-rate="1.0">
							<lines>
								<line number="67" hits="4" branch="false"/>
							</lines>
						</method>
						<method name="parseConfiguration" signature="(Ljava/lang/ClassLoader;)Lorg/mybatis/caches/redis/ConfigWithHost;" line-rate="0.4666666666666667" branch-rate="0.5">
							<lines>
								<line number="79" hits="4" branch="false"/>
								<line number="81" hits="4" branch="false"/>
								<line number="82" hits="4" branch="true" condition-coverage="50% (1/2)">
									<conditions>
										<condition number="0" type="jump" coverage="50%"/>
									</conditions>
								</line>
								<line number="84" hits="0" branch="false"/>
								<line number="85" hits="0" branch="false"/>
								<line number="86" hits="0" branch="false"/>
								<line number="91" hits="0" branch="false"/>
								<line number="92" hits="0" branch="false"/>
								<line number="93" hits="0" branch="false"/>
								<line number="95" hits="0" branch="false"/>
								<line number="96" hits="0" branch="false"/>
								<line number="99" hits="4" branch="false"/>
								<line number="100" hits="4" branch="false"/>
								<line number="101" hits="4" branch="false"/>
								<line number="102" hits="4" branch="false"/>
							</lines>
						</method>
						<method name="setConfigProperties" signature="(Ljava/util/Properties;Lorg/mybatis/caches/redis/ConfigWithHost;)V" line-rate="0.15384615384615385" branch-rate="0.05555555555555555">
							<lines>
								<line number="107" hits="4" branch="true" condition-coverage="50% (1/2)">
									<conditions>
										<condition number="0" type="jump" coverage="50%"/>
									</conditions>
								</line>
								<line number="108" hits="4" branch="false"/>
								<line number="109" hits="4" branch="true" condition-coverage="50% (1/2)">
									<conditions>
										<condition number="0" type="jump" coverage="50%"/>
									</conditions>
								</line>
								<line number="110" hits="0" branch="false"/>
								<line number="111" hits="0" branch="false"/>
								<line number="112" hits="0" branch="true" condition-coverage="0% (0/2)">
									<conditions>
										<condition number="0" type="jump" coverage="0%"/>
									</conditions>
								</line>
								<line number="113" hits="0" branch="false"/>
								<line number="114" hits="0" branch="true" condition-coverage="0% (0/2)">
									<conditions>
										<condition number="0" type="jump" coverage="0%"/>
									</conditions>
								</line>
								<line number="115" hits="0" branch="false"/>
								<line number="116" hits="0" branch="true" condition-coverage="0% (0/4)">
									<conditions>
										<condition number="0" type="jump" coverage="0%"/>
										<condition number="1" type="jump" coverage="0%"/>
									</conditions>
								</line>
								<line number="117" hits="0" branch="false"/>
								<line number="118" hits="0" branch="true" condition-coverage="0% (0/4)">
									<conditions>
										<condition number="0" type="jump" coverage="0%"/>
										<condition number="1" type="jump" coverage="0%"/>
									</conditions>
								</line>
								<line number="119" hits="0" branch="false"/>
								<line number="120" hits="0" branch="true" condition-coverage="0% (0/4)">
									<conditions>
										<condition number="0" type="jump" coverage="0%"/>
										<condition number="1" type="jump" coverage="0%"/>
									</conditions>
								</line>
								<line number="121" hits="0" branch="false"/>
								<line number="122" hits="0" branch="true" condition-coverage="0% (0/4)">
									<conditions>
										<condition number="0" type="jump" coverage="0%"/>
										<condition number="1" type="jump" coverage="0%"/>
									</conditions>
								</line>
								<line number="123" hits="0" branch="false"/>
								<line number="124" hits="0" branch="true" condition-coverage="0% (0/4)">
									<conditions>
										<condition number="0" type="jump" coverage="0%"/>
										<condition number="1" type="jump" coverage="0%"/>
									</conditions>
								</line>
								<line number="125" hits="0" branch="false"/>
								<line number="126" hits="0" branch="true" condition-coverage="0% (0/4)">
									<conditions>
										<condition number="0" type="jump" coverage="0%"/>
										<condition number="1" type="jump" coverage="0%"/>
									</conditions>
								</line>
								<line number="127" hits="0" branch="false"/>
								<line number="128" hits="0" branch="true" condition-coverage="0% (0/4)">
									<conditions>
										<condition number="0" type="jump" coverage="0%"/>
										<condition number="1" type="jump" coverage="0%"/>
									</conditions>
								</line>
								<line number="129" hits="0" branch="false"/>
								<line number="131" hits="0" branch="false"/>
								<line number="135" hits="0" branch="false"/>
								<line number="137" hits="4" branch="false"/>
							</lines>
						</method>
					</methods>
					<lines>
						<line number="37" hits="4" branch="false"/>
						<line number="48" hits="4" branch="false"/>
						<line number="49" hits="4" branch="false"/>
						<line number="50" hits="4" branch="false"/>
						<line number="58" hits="4" branch="false"/>
						<line number="67" hits="4" branch="false"/>
						<line number="79" hits="4" branch="false"/>
						<line number="81" hits="4" branch="false"/>
						<line number="82" hits="4" branch="true" condition-coverage="50% (1/2)">
							<conditions>
								<condition number="0" type="jump" coverage="50%"/>
							</conditions>
						</line>
						<line number="84" hits="0" branch="false"/>
						<line number="85" hits="0" branch="false"/>
						<line number="86" hits="0" branch="false"/>
						<line number="91" hits="0" branch="false"/>
						<line number="92" hits="0" branch="false"/>
						<line number="93" hits="0" branch="false"/>
						<line number="95" hits="0" branch="false"/>
						<line number="96" hits="0" branch="false"/>
						<line number="99" hits="4" branch="false"/>
						<line number="100" hits="4" branch="false"/>
						<line number="101" hits="4" branch="false"/>
						<line number="102" hits="4" branch="false"/>
						<line number="107" hits="4" branch="true" condition-coverage="50% (1/2)">
							<conditions>
								<condition number="0" type="jump" coverage="50%"/>
							</conditions>
						</line>
						<line number="108" hits="4" branch="false"/>
						<line number="109" hits="4" branch="true" condition-coverage="50% (1/2)">
							<conditions>
								<condition number="0" type="jump" coverage="50%"/>
							</conditions>
						</line>
						<line number="110" hits="0" branch="false"/>
						<line number="111" hits="0" branch="false"/>
						<line number="112" hits="0" branch="true" condition-coverage="0% (0/2)">
							<conditions>
								<condition number="0" type="jump" coverage="0%"/>
							</conditions>
						</line>
						<line number="113" hits="0" branch="false"/>
						<line number="114" hits="0" branch="true" condition-coverage="0% (0/2)">
							<conditions>
								<condition number="0" type="jump" coverage="0%"/>
							</conditions>
						</line>
						<line number="115" hits="0" branch="false"/>
						<line number="116" hits="0" branch="true" condition-coverage="0% (0/4)">
							<conditions>
								<condition number="0" type="jump" coverage="0%"/>
								<condition number="1" type="jump" coverage="0%"/>
							</conditions>
						</line>
						<line number="117" hits="0" branch="false"/>
						<line number="118" hits="0" branch="true" condition-coverage="0% (0/4)">
							<conditions>
								<condition number="0" type="jump" coverage="0%"/>
								<condition number="1" type="jump" coverage="0%"/>
							</conditions>
						</line>
						<line number="119" hits="0" branch="false"/>
						<line number="120" hits="0" branch="true" condition-coverage="0% (0/4)">
							<conditions>
								<condition number="0" type="jump" coverage="0%"/>
								<condition number="1" type="jump" coverage="0%"/>
							</conditions>
						</line>
						<line number="121" hits="0" branch="false"/>
						<line number="122" hits="0" branch="true" condition-coverage="0% (0/4)">
							<conditions>
								<condition number="0" type="jump" coverage="0%"/>
								<condition number="1" type="jump" coverage="0%"/>
							</conditions>
						</line>
						<line number="123" hits="0" branch="false"/>
						<line number="124" hits="0" branch="true" condition-coverage="0% (0/4)">
							<conditions>
								<condition number="0" type="jump" coverage="0%"/>
								<condition number="1" type="jump" coverage="0%"/>
							</conditions>
						</line>
						<line number="125" hits="0" branch="false"/>
						<line number="126" hits="0" branch="true" condition-coverage="0% (0/4)">
							<conditions>
								<condition number="0" type="jump" coverage="0%"/>
								<condition number="1" type="jump" coverage="0%"/>
							</conditions>
						</line>
						<line number="127" hits="0" branch="false"/>
						<line number="128" hits="0" branch="true" condition-coverage="0% (0/4)">
							<conditions>
								<condition number="0" type="jump" coverage="0%"/>
								<condition number="1" type="jump" coverage="0%"/>
							</conditions>
						</line>
						<line number="129" hits="0" branch="false"/>
						<line number="131" hits="0" branch="false"/>
						<line number="135" hits="0" branch="false"/>
						<line number="137" hits="4" branch="false"/>
					</lines>
				</class>
				<class name="org.mybatis.caches.redis.SerializeUtil" filename="org/mybatis/caches/redis/SerializeUtil.java" line-rate="0.7222222222222222" branch-rate="1.0" complexity="5.0">
					<methods>
						<method name="&lt;init&gt;" signature="()V" line-rate="0.0" branch-rate="1.0">
							<lines>
								<line number="26" hits="0" branch="false"/>
							</lines>
						</method>
						<method name="serialize" signature="(Ljava/lang/Object;)[B" line-rate="0.7777777777777778" branch-rate="1.0">
							<lines>
								<line number="29" hits="4024" branch="false"/>
								<line number="30" hits="4024" branch="false"/>
								<line number="32" hits="4024" branch="false"/>
								<line number="33" hits="4024" branch="false"/>
								<line number="34" hits="4024" branch="false"/>
								<line number="35" hits="4024" branch="false"/>
								<line number="36" hits="4024" branch="false"/>
								<line number="37" hits="0" branch="false"/>
								<line number="38" hits="0" branch="false"/>
							</lines>
						</method>
						<method name="unserialize" signature="([B)Ljava/lang/Object;" line-rate="0.75" branch-rate="1.0">
							<lines>
								<line number="43" hits="4024" branch="true" condition-coverage="100% (2/2)">
									<conditions>
										<condition number="0" type="jump" coverage="100%"/>
									</conditions>
								</line>
								<line number="44" hits="12" branch="false"/>
								<line number="46" hits="4012" branch="false"/>
								<line number="48" hits="4012" branch="false"/>
								<line number="49" hits="4012" branch="false"/>
								<line number="50" hits="4012" branch="false"/>
								<line number="51" hits="0" branch="false"/>
								<line number="52" hits="0" branch="false"/>
							</lines>
						</method>
					</methods>
					<lines>
						<line number="26" hits="0" branch="false"/>
						<line number="29" hits="4024" branch="false"/>
						<line number="30" hits="4024" branch="false"/>
						<line number="32" hits="4024" branch="false"/>
						<line number="33" hits="4024" branch="false"/>
						<line number="34" hits="4024" branch="false"/>
						<line number="35" hits="4024" branch="false"/>
						<line number="36" hits="4024" branch="false"/>
						<line number="37" hits="0" branch="false"/>
						<line number="38" hits="0" branch="false"/>
						<line number="43" hits="4024" branch="true" condition-coverage="100% (2/2)">
							<conditions>
								<condition number="0" type="jump" coverage="100%"/>
							</conditions>
						</line>
						<line number="44" hits="12" branch="false"/>
						<line number="46" hits="4012" branch="false"/>
						<line number="48" hits="4012" branch="false"/>
						<line number="49" hits="4012" branch="false"/>
						<line number="50" hits="4012" branch="false"/>
						<line number="51" hits="0" branch="false"/>
						<line number="52" hits="0" branch="false"/>
					</lines>
				</class>
				<class name="org.mybatis.caches.redis.StringUtils" filename="org/mybatis/caches/redis/StringUtils.java" line-rate="0.0" branch-rate="0.0" complexity="2.25">
					<methods>
						<method name="&lt;clinit&gt;" signature="()V" line-rate="0.0" branch-rate="1.0">
							<lines>
								<line number="28" hits="0" branch="false"/>
							</lines>
						</method>
						<method name="&lt;init&gt;" signature="()V" line-rate="0.0" branch-rate="1.0">
							<lines>
								<line number="30" hits="0" branch="false"/>
								<line number="32" hits="0" branch="false"/>
							</lines>
						</method>
						<method name="digest" signature="(Ljava/lang/String;Ljava/lang/String;)[B" line-rate="0.0" branch-rate="1.0">
							<lines>
								<line number="60" hits="0" branch="false"/>
								<line number="61" hits="0" branch="false"/>
								<line number="62" hits="0" branch="false"/>
								<line number="63" hits="0" branch="false"/>
								<line number="65" hits="0" branch="false"/>
							</lines>
						</method>
						<method name="sha1Hex" signature="(Ljava/lang/String;)Ljava/lang/String;" line-rate="0.0" branch-rate="0.0">
							<lines>
								<line number="35" hits="0" branch="true" condition-coverage="0% (0/2)">
									<conditions>
										<condition number="0" type="jump" coverage="0%"/>
									</conditions>
								</line>
								<line number="36" hits="0" branch="false"/>
								<line number="39" hits="0" branch="false"/>
								<line number="41" hits="0" branch="false"/>
							</lines>
						</method>
						<method name="toHexString" signature="([B)Ljava/lang/String;" line-rate="0.0" branch-rate="0.0">
							<lines>
								<line number="45" hits="0" branch="false"/>
								<line number="47" hits="0" branch="false"/>
								<line number="49" hits="0" branch="true" condition-coverage="0% (0/2)">
									<conditions>
										<condition number="0" type="jump" coverage="0%"/>
									</conditions>
								</line>
								<line number="50" hits="0" branch="false"/>
								<line number="51" hits="0" branch="false"/>
								<line number="54" hits="0" branch="false"/>
							</lines>
						</method>
					</methods>
					<lines>
						<line number="28" hits="0" branch="false"/>
						<line number="30" hits="0" branch="false"/>
						<line number="32" hits="0" branch="false"/>
						<line number="35" hits="0" branch="true" condition-coverage="0% (0/2)">
							<conditions>
								<condition number="0" type="jump" coverage="0%"/>
							</conditions>
						</line>
						<line number="36" hits="0" branch="false"/>
						<line number="39" hits="0" branch="false"/>
						<line number="41" hits="0" branch="false"/>
						<line number="45" hits="0" branch="false"/>
						<line number="47" hits="0" branch="false"/>
						<line number="49" hits="0" branch="true" condition-coverage="0% (0/2)">
							<conditions>
								<condition number="0" type="jump" coverage="0%"/>
							</conditions>
						</line>
						<line number="50" hits="0" branch="false"/>
						<line number="51" hits="0" branch="false"/>
						<line number="54" hits="0" branch="false"/>
						<line number="60" hits="0" branch="false"/>
						<line number="61" hits="0" branch="false"/>
						<line number="62" hits="0" branch="false"/>
						<line number="63" hits="0" branch="false"/>
						<line number="65" hits="0" branch="false"/>
					</lines>
				</class>
				<class name="org.mybatis.caches.redis.package-info" filename="org/mybatis/caches/redis/package-info.java" line-rate="1.0" branch-rate="1.0" complexity="0.0">
					<methods>
					</methods>
					<lines>
					</lines>
				</class>
			</classes>
		</package>
	</packages>
</coverage>
